2019.08.02 - 11:04:03HY093@@
2019.08.02 - 11:08:18 > HY093@@
2019.08.02 - 11:10:44 > HY093@@
2019.08.02 - 11:13:08 > HY093@@
2019.08.02 - 11:13:41 > HY093@@
2019.08.02 - 11:14:03 > HY093@@
2019.08.02 - 11:14:18 > HY093@@
2019.08.02 - 14:28:03 > HY093@@
2019.08.02 - 18:03:36 > 23000@1062@Duplicate entry '' for key 'title'
2019.08.02 - 18:05:38 > 23000@1062@Duplicate entry '' for key 'title'
2019.08.03 - 11:58:27 > 23000@1062@Duplicate entry 'lol1' for key 'title'
2019.08.03 - 13:46:31 > 23000-@-1062-@-Duplicate entry 'Как+++++++' for key 'title'
2019.08.03 - 13:48:46 > 23000-@-1062-@-Duplicate entry 'I learn php                      !!!!!' for key 'title'
2019.08.03 - 13:52:42 > 23000-@-1062-@-Duplicate entry 'I learn php                      !!!!!' for key 'title'
2019.08.03 - 13:54:36 > 23000-@-1062-@-Duplicate entry 'lol1' for key 'title'
2019.08.03 - 13:55:13 > 23000-@-1062-@-Duplicate entry 'lol1' for key 'title'
2019.08.03 - 13:55:36 > 23000-@-1062-@-Duplicate entry 'lol1' for key 'title'
2019.08.03 - 14:02:06 > 23000-@-1062-@-Duplicate entry 'lol' for key 'title'
2019.08.03 - 14:06:33 > 23000-@-1062-@-Duplicate entry 'lol1' for key 'title'
2019.08.06 - 18:14:00 > 42S22-@-1054-@-Unknown column 'id' in 'where clause'
2019.08.06 - 18:17:20 > 42S22-@-1054-@-Unknown column 'id' in 'where clause'
2019.08.06 - 18:17:55 > 42S22-@-1054-@-Unknown column 'id' in 'where clause'
2019.08.12 - 12:35:29 > 42S22-@-1054-@-Unknown column 'i' in 'where clause'
2019.08.12 - 15:36:50 > 42S22-@-1054-@-Unknown column 'i' in 'where clause'
2019.08.12 - 15:36:54 > 42S22-@-1054-@-Unknown column 'i' in 'where clause'
2019.08.18 - 11:26:00 > 23000-@-1062-@-Duplicate entry 'qqq' for key 'title'
2019.08.18 - 11:29:30 > 23000-@-1062-@-Duplicate entry 'qqq' for key 'title'
2019.08.18 - 11:30:58 > 23000-@-1062-@-Duplicate entry 'qqq' for key 'title'
2019.08.18 - 11:31:50 > 23000-@-1062-@-Duplicate entry 'qqq' for key 'title'
2019.08.18 - 11:37:02 > 23000-@-1062-@-Duplicate entry 'qqq' for key 'title'
2019.08.18 - 11:38:21 > 23000-@-1062-@-Duplicate entry 'qqq' for key 'title'
2019.08.18 - 11:40:33 > 23000-@-1062-@-Duplicate entry 'qqq' for key 'title'
2019.08.18 - 11:40:54 > 23000-@-1062-@-Duplicate entry 'qqq' for key 'title'
2019.08.18 - 11:45:36 > 23000-@-1062-@-Duplicate entry 'qqq' for key 'title'
2019.08.18 - 11:46:50 > 23000-@-1062-@-Duplicate entry 'qqq' for key 'title'
2019.08.18 - 11:48:26 > 23000-@-1062-@-Duplicate entry 'qqq' for key 'title'
2019.08.18 - 12:13:49 > 23000-@-1062-@-Duplicate entry 'qqq' for key 'title'
2019.08.18 - 12:14:09 > 23000-@-1062-@-Duplicate entry 'qqq' for key 'title'
2019.08.18 - 12:14:56 > 23000-@-1062-@-Duplicate entry 'qqq' for key 'title'
2019.08.18 - 12:19:00 > 23000-@-1062-@-Duplicate entry 'qqq' for key 'title'
2019.08.18 - 15:22:48 > 23000-@-1062-@-Duplicate entry 'qqq' for key 'title'
2019.08.22 - 13:58:54 > 23000-@-1062-@-Duplicate entry 'lol' for key 'title'
2019.09.14 - 00:29:54 > 23000-@-1062-@-Duplicate entry 'Hg' for key 'title'
2019.09.14 - 08:13:36 > 23000-@-1062-@-Duplicate entry 'Hg' for key 'title'
